<?xml version="1.0" encoding="UTF-8"?>
<!-- Generated by org.testng.reporters.JUnitReportReporter -->
<testsuite hostname="Gustavos-MacBook-Air.local" name="Suite2.TestB1" tests="2" failures="0" timestamp="11 Nov 2016 22:25:31 GMT" time="0.140" errors="0">
  <testcase name="testB1" time="0.061" classname="Suite2.TestB1"/>
  <testcase name="testB1" time="0.079" classname="Suite2.TestB1"/>
</testsuite> <!-- Suite2.TestB1 -->
