<?xml version="1.0" encoding="UTF-8"?>
<!-- Generated by org.testng.reporters.JUnitReportReporter -->
<testsuite hostname="Gustavos-MacBook-Air.local" name="GitHub_Videos.LoginTest" tests="1" failures="0" timestamp="11 Nov 2016 22:26:18 GMT" time="11.994" errors="0">
  <testcase name="doLogin" time="11.994" classname="GitHub_Videos.LoginTest"/>
</testsuite> <!-- GitHub_Videos.LoginTest -->
